<?xml version="1.0" encoding="UTF-8"?>
<!-- Generated by org.testng.reporters.JUnitReportReporter -->
<testsuite hostname="LAPTOP-QF0JPS5G" failures="0" tests="4" name="Test.Testing" time="13.900" errors="0" timestamp="2022-10-02T11:45:58 IST" skipped="0">
  <testcase classname="Test.Testing" name="ValidateLoginScript" time="2.809"/>
  <system-out/>
  <testcase classname="Test.Testing" name="addDetailToRegisterForm" time="1.928"/>
  <system-out/>
  <testcase classname="Test.Testing" name="addToCart" time="2.785"/>
  <system-out/>
  <testcase classname="Test.Testing" name="addDetailsToLoginForm" time="6.378"/>
  <system-out/>
</testsuite> <!-- Test.Testing -->
