<?xml version="1.0" encoding="UTF-8"?>
<!-- Generated by org.testng.reporters.JUnitReportReporter -->
<testsuite hostname="LAPTOP-QF0JPS5G" failures="0" tests="1" name="Testing1.NewTest" time="0.005" errors="0" timestamp="2022-09-27T10:01:59 IST" skipped="0">
  <testcase classname="Testing1.NewTest" name="f" time="0.005"/>
  <system-out/>
</testsuite> <!-- Testing1.NewTest -->
