<?xml version="1.0" encoding="UTF-8"?>
<!-- Generated by org.testng.reporters.JUnitReportReporter -->
<testsuite hostname="LAPTOP-QF0JPS5G" failures="0" tests="7" name="com.demo.FlipkartTestChrome" time="30.090" errors="0" timestamp="2022-10-11T19:20:00 IST" skipped="0">
  <testcase classname="com.demo.FlipkartTestChrome" name="closeLogin" time="1.835"/>
  <system-out/>
  <testcase classname="com.demo.FlipkartTestChrome" name="scroll" time="6.587"/>
  <system-out/>
  <testcase classname="com.demo.FlipkartTestChrome" name="searchProduct" time="5.601"/>
  <system-out/>
  <testcase classname="com.demo.FlipkartTestChrome" name="loadImage" time="5.462"/>
  <system-out/>
  <testcase classname="com.demo.FlipkartTestChrome" name="scrollFrequency" time="2.483"/>
  <system-out/>
  <testcase classname="com.demo.FlipkartTestChrome" name="downloadImages" time="0.277"/>
  <system-out/>
  <testcase classname="com.demo.FlipkartTestChrome" name="screenResolution" time="7.845"/>
  <system-out/>
</testsuite> <!-- com.demo.FlipkartTestChrome -->
