<?xml version="1.0" encoding="UTF-8"?>
<!-- Generated by org.testng.reporters.JUnitReportReporter -->
<testsuite hostname="LAPTOP-QF0JPS5G" failures="0" tests="8" name="com.demo.FlipkartTestEdge" time="0.060" errors="1" timestamp="2022-10-11T19:22:05 IST" skipped="7">
  <testcase classname="com.demo.FlipkartTestEdge" name="beforeClass" time="0.060">
    <error message="The driver executable does not exist: C:\Users\SHWETHA M\Downloads\AutomateEcommerce\AutomateEcommerce\&quot;C:\Users\SHWETHA M\Desktop\msedgedriver.exe&quot;" type="java.lang.IllegalStateException">
      <![CDATA[java.lang.IllegalStateException: The driver executable does not exist: C:\Users\SHWETHA M\Downloads\AutomateEcommerce\AutomateEcommerce\"C:\Users\SHWETHA M\Desktop\msedgedriver.exe"
at com.google.common.base.Preconditions.checkState(Preconditions.java:534)
at org.openqa.selenium.remote.service.DriverService.checkExecutable(DriverService.java:136)
at org.openqa.selenium.remote.service.DriverService.findExecutable(DriverService.java:131)
at org.openqa.selenium.edge.EdgeDriverService.access$000(EdgeDriverService.java:34)
at org.openqa.selenium.edge.EdgeDriverService$Builder.findDefaultExecutable(EdgeDriverService.java:75)
at org.openqa.selenium.remote.service.DriverService$Builder.build(DriverService.java:329)
at org.openqa.selenium.edge.EdgeDriverService.createDefaultService(EdgeDriverService.java:67)
at org.openqa.selenium.edge.EdgeDriver.<init>(EdgeDriver.java:96)
at com.demo.FlipkartTestEdge.beforeClass(FlipkartTestEdge.java:32)
at java.base/jdk.internal.reflect.NativeMethodAccessorImpl.invoke0(Native Method)
at java.base/jdk.internal.reflect.NativeMethodAccessorImpl.invoke(NativeMethodAccessorImpl.java:77)
at java.base/jdk.internal.reflect.DelegatingMethodAccessorImpl.invoke(DelegatingMethodAccessorImpl.java:43)
at java.base/java.lang.reflect.Method.invoke(Method.java:568)
at org.testng.internal.invokers.MethodInvocationHelper.invokeMethod(MethodInvocationHelper.java:135)
at org.testng.internal.invokers.MethodInvocationHelper.invokeMethodConsideringTimeout(MethodInvocationHelper.java:65)
at org.testng.internal.invokers.ConfigInvoker.invokeConfigurationMethod(ConfigInvoker.java:381)
at org.testng.internal.invokers.ConfigInvoker.invokeConfigurations(ConfigInvoker.java:319)
at org.testng.internal.invokers.TestMethodWorker.invokeBeforeClassMethods(TestMethodWorker.java:178)
at org.testng.internal.invokers.TestMethodWorker.run(TestMethodWorker.java:122)
at java.base/java.util.ArrayList.forEach(ArrayList.java:1511)
at org.testng.TestRunner.privateRun(TestRunner.java:808)
at org.testng.TestRunner.run(TestRunner.java:603)
at org.testng.SuiteRunner.runTest(SuiteRunner.java:429)
at org.testng.SuiteRunner.runSequentially(SuiteRunner.java:423)
at org.testng.SuiteRunner.privateRun(SuiteRunner.java:383)
at org.testng.SuiteRunner.run(SuiteRunner.java:326)
at org.testng.SuiteRunnerWorker.runSuite(SuiteRunnerWorker.java:52)
at org.testng.SuiteRunnerWorker.run(SuiteRunnerWorker.java:95)
at org.testng.TestNG.runSuitesSequentially(TestNG.java:1249)
at org.testng.TestNG.runSuitesLocally(TestNG.java:1169)
at org.testng.TestNG.runSuites(TestNG.java:1092)
at org.testng.TestNG.run(TestNG.java:1060)
at org.testng.remote.AbstractRemoteTestNG.run(AbstractRemoteTestNG.java:115)
at org.testng.remote.RemoteTestNG.initAndRun(RemoteTestNG.java:251)
at org.testng.remote.RemoteTestNG.main(RemoteTestNG.java:77)
]]>
    </error>
  </testcase> <!-- beforeClass -->
  <system-out/>
  <testcase classname="com.demo.FlipkartTestEdge" name="closeLogin" time="0.000">
    <skipped/>
  </testcase> <!-- closeLogin -->
  <system-out/>
  <testcase classname="com.demo.FlipkartTestEdge" name="scroll" time="0.000">
    <skipped/>
  </testcase> <!-- scroll -->
  <system-out/>
  <testcase classname="com.demo.FlipkartTestEdge" name="searchProduct" time="0.000">
    <skipped/>
  </testcase> <!-- searchProduct -->
  <system-out/>
  <testcase classname="com.demo.FlipkartTestEdge" name="loadImage" time="0.000">
    <skipped/>
  </testcase> <!-- loadImage -->
  <system-out/>
  <testcase classname="com.demo.FlipkartTestEdge" name="scrollFrequency" time="0.000">
    <skipped/>
  </testcase> <!-- scrollFrequency -->
  <system-out/>
  <testcase classname="com.demo.FlipkartTestEdge" name="downloadImages" time="0.000">
    <skipped/>
  </testcase> <!-- downloadImages -->
  <system-out/>
  <testcase classname="com.demo.FlipkartTestEdge" name="screenResolution" time="0.000">
    <skipped/>
  </testcase> <!-- screenResolution -->
  <system-out/>
</testsuite> <!-- com.demo.FlipkartTestEdge -->
